0 verbose cli C:\Program Files\nodejs\node.exe C:\Program Files\nodejs\node_modules\npm\bin\npm-cli.js
1 info using npm@11.6.2
2 info using node@v24.13.0
3 silly config load:file:C:\Program Files\nodejs\node_modules\npm\npmrc
4 silly config load:file:C:\Users\Devalan\Desktop\App Land VR\.npmrc
5 silly config load:file:C:\Users\Devalan\.npmrc
6 silly config load:file:C:\Users\Devalan\AppData\Roaming\npm\etc\npmrc
7 verbose title npm install expo-document-picker@~14.0.7
8 verbose argv "install" "expo-document-picker@~14.0.7"
9 verbose logfile logs-max:10 dir:C:\Users\Devalan\Desktop\App Land VR\.npm-cache\_logs\2026-03-01T02_08_50_497Z-
10 verbose logfile C:\Users\Devalan\Desktop\App Land VR\.npm-cache\_logs\2026-03-01T02_08_50_497Z-debug-0.log
11 silly logfile done cleaning log files
12 silly packumentCache heap:4496293888 maxSize:1124073472 maxEntrySize:562036736
13 silly idealTree buildDeps
14 silly fetch manifest expo-document-picker@~14.0.7
15 silly packumentCache full:https://registry.npmjs.org/expo-document-picker cache-miss
16 http fetch GET https://registry.npmjs.org/expo-document-picker attempt 1 failed with EACCES
17 http fetch GET https://registry.npmjs.org/expo-document-picker attempt 2 failed with EACCES
18 http fetch GET https://registry.npmjs.org/expo-document-picker attempt 3 failed with EACCES
19 silly placeDep ROOT expo-document-picker@ OK for: vr-real-estate@1.0.0 want: ~14.0.7
20 silly fetch manifest expo-file-system@^13.2.0
21 silly packumentCache full:https://registry.npmjs.org/expo-file-system cache-miss
22 http fetch GET https://registry.npmjs.org/expo-file-system attempt 1 failed with EACCES
23 http fetch GET https://registry.npmjs.org/expo-file-system attempt 2 failed with EACCES
